{
  "description": "EXPLAIN ANALYZE collection",
  "exitCode": 3,
  "timestamp": "2025-08-17T17:10:47.080Z",
  "stdout": "üìã P10: Collecting EXPLAIN ANALYZE for key RPC functions...\r\nüîç Analyzing credit_xp function...\r\n=====================================;\r\n                                                                              QUERY PLAN                                                                               \r\n-----------------------------------------------------------------------------------------------------------------------------------------------------------------------\r\n Result  (cost=0.00..0.26 rows=1 width=32) (actual time=0.973..0.973 rows=1 loops=1)\r\n   Output: credit_xp('00000000-0000-0000-0000-000000000001'::uuid, 'lesson:completion'::text, 50, 'explain-credit-xp-test'::text, NULL::uuid, NULL::text, '{}'::jsonb)\r\n   Buffers: shared hit=343\r\n Query Identifier: -2722577134236380289\r\n Planning Time: 0.024 ms\r\n Execution Time: 0.988 ms\r\n(6 rows)\r\n\r\n;\r\nüîç Analyzing get_active_xp_sources function...\r\n==============================================;\r\n                                         QUERY PLAN                                          \r\n---------------------------------------------------------------------------------------------\r\n ProjectSet  (cost=0.00..5.27 rows=1000 width=32) (actual time=0.215..0.244 rows=24 loops=1)\r\n   Output: get_active_xp_sources(now())\r\n   Buffers: shared hit=2\r\n   ->  Result  (cost=0.00..0.01 rows=1 width=0) (actual time=0.001..0.001 rows=1 loops=1)\r\n Query Identifier: -1125711535403011146\r\n Planning Time: 0.025 ms\r\n Execution Time: 0.271 ms\r\n(7 rows)\r\n\r\n;\r\nüîç Analyzing compute_level_info function...\r\n===========================================;\r\n                                         QUERY PLAN                                         \r\n--------------------------------------------------------------------------------------------\r\n ProjectSet  (cost=0.00..5.27 rows=1000 width=32) (actual time=0.292..0.298 rows=1 loops=1)\r\n   Output: compute_level_info(150)\r\n   Buffers: shared hit=4\r\n   ->  Result  (cost=0.00..0.01 rows=1 width=0) (actual time=0.001..0.001 rows=1 loops=1)\r\n Query Identifier: -6337873644889589703\r\n Planning Time: 0.022 ms\r\n Execution Time: 0.321 ms\r\n(7 rows)\r\n\r\n;\r\nüîç Skipping unlock_achievement analysis (schema mismatch issue)...\r\n====================================================================;\r\n;\r\nüìä Index Usage Analysis;\r\n========================;\r\n",
  "stderr": "psql:C:/GitHub/ai_foundations_lms/scripts/p10/collect_explain.sql:58: ERROR:  column \"tablename\" does not exist\r\nLINE 3:   tablename,\r\n          ^\r\npsql:C:/GitHub/ai_foundations_lms/scripts/p10/collect_explain.sql:58: STATEMENT:  SELECT \r\n  schemaname,\r\n  tablename,\r\n  indexname,\r\n  idx_scan as scans,\r\n  idx_tup_read as tuples_read,\r\n  idx_tup_fetch as tuples_fetched\r\nFROM pg_stat_user_indexes \r\nWHERE tablename IN ('xp_events', 'profiles', 'xp_sources', 'user_achievements', 'level_definitions')\r\nORDER BY tablename, idx_scan DESC;\r\n"
}